[2025-08-24T12:27:56.556Z] [INFO] Starting test
[2025-08-24T12:27:56.557Z] [INFO] Spawning: npx tsx src/cli.ts --entry test/fixtures/simple.ts --format cjs esm --out-dir tmp/multi-format --clean
[2025-08-24T12:27:59.290Z] [OUTPUT] [36mBuilding...[39m

[2025-08-24T12:27:59.292Z] [INFO] Pattern matched: Building...
[2025-08-24T12:27:59.311Z] [OUTPUT] [34mCLI[39m Building entry: test/fixtures/simple.ts

[2025-08-24T12:27:59.313Z] [OUTPUT] [34mCLI[39m Using tsconfig: tsconfig.json

[2025-08-24T12:27:59.314Z] [OUTPUT] [34mCLI[39m tsup v8.5.0

[2025-08-24T12:27:59.320Z] [OUTPUT] [34mCLI[39m Target: es2022

[2025-08-24T12:27:59.323Z] [OUTPUT] [34mCJS[39m Build start

[2025-08-24T12:27:59.324Z] [OUTPUT] [34mESM[39m Build start

[2025-08-24T12:27:59.487Z] [OUTPUT] [32mCJS[39m [1mtmp/multi-format/simple.cjs     [22m[32m215.00 B[39m

[2025-08-24T12:27:59.488Z] [OUTPUT] [32mCJS[39m [1mtmp/multi-format/simple.cjs.map [22m[32m330.00 B[39m
[32mCJS[39m ‚ö°Ô∏è Build success in 164ms

[2025-08-24T12:27:59.489Z] [OUTPUT] [32mESM[39m [1mtmp/multi-format/simple.js     [22m[32m175.00 B[39m

[2025-08-24T12:27:59.489Z] [OUTPUT] [32mESM[39m [1mtmp/multi-format/simple.js.map [22m[32m327.00 B[39m
[32mESM[39m ‚ö°Ô∏è Build success in 166ms

[2025-08-24T12:28:00.975Z] [OUTPUT] [34mDTS[39m Build start

[2025-08-24T12:28:02.217Z] [OUTPUT] error TS6059: File '/home/x/Projects/builder/test/fixtures/simple.ts' is not under 'rootDir' 'src'. 'rootDir' is expected to contain all source files.
  The file is in the program because:
    Root file specified for compilation
  File is ECMAScript module because '/home/x/Projects/builder/package.json' has field "type" with value "module"


[2025-08-24T12:28:02.221Z] [OUTPUT] [31m‚úó Build failed in 2927ms[39m

[2025-08-24T12:28:02.221Z] [OUTPUT] [31merror occurred in dts build[39m

[2025-08-24T12:28:02.366Z] [INFO] Process exited with code: 1
[2025-08-24T12:28:09.337Z] [ERROR] Expected pattern not found after 10000ms: ‚úì Build completed
[2025-08-24T12:28:09.341Z] [INFO] Screenshot saved: screenshots/expect-failure
[2025-08-24T12:28:09.341Z] [ERROR] Test failed: Expected pattern not found: ‚úì Build completed
[2025-08-24T12:28:09.344Z] [INFO] Screenshot saved: screenshots/test-failure
[2025-08-24T12:28:09.345Z] [INFO] Cleaning up PTY process
[2025-08-24T12:28:09.347Z] [INFO] Replay saved: logs/replay-1756038489345.json
