[2025-08-24T12:27:31.057Z] [INFO] Starting test
[2025-08-24T12:27:31.058Z] [INFO] Spawning: npx tsx src/cli.ts --entry test/fixtures/simple.ts --out-dir tmp/simple-build --clean
[2025-08-24T12:27:33.739Z] [OUTPUT] [36mBuilding...[39m

[2025-08-24T12:27:33.763Z] [OUTPUT] [34mCLI[39m Building entry: test/fixtures/simple.ts

[2025-08-24T12:27:33.765Z] [OUTPUT] [34mCLI[39m Using tsconfig: tsconfig.json

[2025-08-24T12:27:33.766Z] [OUTPUT] [34mCLI[39m tsup v8.5.0

[2025-08-24T12:27:33.774Z] [OUTPUT] [34mCLI[39m Target: es2022

[2025-08-24T12:27:33.776Z] [OUTPUT] [34mCJS[39m Build start

[2025-08-24T12:27:33.779Z] [OUTPUT] [34mESM[39m Build start

[2025-08-24T12:27:33.789Z] [INFO] Pattern matched: Building...
[2025-08-24T12:27:33.906Z] [OUTPUT] [32mESM[39m [1mtmp/simple-build/simple.js     [22m[32m175.00 B[39m

[2025-08-24T12:27:33.907Z] [OUTPUT] [32mESM[39m [1mtmp/simple-build/simple.js.map [22m[32m327.00 B[39m
[32mESM[39m ‚ö°Ô∏è Build success in 130ms

[2025-08-24T12:27:33.907Z] [OUTPUT] [32mCJS[39m [1mtmp/simple-build/simple.cjs     [22m[32m215.00 B[39m

[2025-08-24T12:27:33.909Z] [OUTPUT] [32mCJS[39m [1mtmp/simple-build/simple.cjs.map [22m[32m330.00 B[39m
[32mCJS[39m ‚ö°Ô∏è Build success in 131ms

[2025-08-24T12:27:35.421Z] [OUTPUT] [34mDTS[39m Build start

[2025-08-24T12:27:36.677Z] [OUTPUT] error TS6059: File '/home/x/Projects/builder/test/fixtures/simple.ts' is not under 'rootDir' 'src'. 'rootDir' is expected to contain all source files.
  The file is in the program because:
    Root file specified for compilation
  File is ECMAScript module because '/home/x/Projects/builder/package.json' has field "type" with value "module"


[2025-08-24T12:27:36.682Z] [OUTPUT] [31m‚úó Build failed in 2940ms[39m

[2025-08-24T12:27:36.683Z] [OUTPUT] [31merror occurred in dts build[39m

[2025-08-24T12:27:36.807Z] [INFO] Process exited with code: 1
[2025-08-24T12:27:43.789Z] [ERROR] Expected pattern not found after 10000ms: ‚úì Build completed
[2025-08-24T12:27:43.794Z] [INFO] Screenshot saved: screenshots/expect-failure
[2025-08-24T12:27:43.794Z] [ERROR] Test failed: Expected pattern not found: ‚úì Build completed
[2025-08-24T12:27:43.796Z] [INFO] Screenshot saved: screenshots/test-failure
[2025-08-24T12:27:43.796Z] [INFO] Cleaning up PTY process
[2025-08-24T12:27:43.797Z] [INFO] Replay saved: logs/replay-1756038463796.json
