[2025-08-24T12:28:09.350Z] [INFO] Starting test
[2025-08-24T12:28:09.351Z] [INFO] Spawning: npx tsx src/cli.ts --entry test/fixtures/simple.ts --out-dir tmp/verbose-build --verbose --clean
[2025-08-24T12:28:12.186Z] [OUTPUT] [36mBuilding...[39m

[2025-08-24T12:28:12.207Z] [OUTPUT] [34mCLI[39m Building entry: test/fixtures/simple.ts

[2025-08-24T12:28:12.209Z] [OUTPUT] [34mCLI[39m Using tsconfig: tsconfig.json

[2025-08-24T12:28:12.210Z] [OUTPUT] [34mCLI[39m tsup v8.5.0

[2025-08-24T12:28:12.217Z] [OUTPUT] [34mCLI[39m Target: es2022

[2025-08-24T12:28:12.221Z] [OUTPUT] [34mCJS[39m Build start

[2025-08-24T12:28:12.222Z] [OUTPUT] [34mESM[39m Build start

[2025-08-24T12:28:12.234Z] [INFO] Pattern matched: Building...
[2025-08-24T12:28:12.364Z] [OUTPUT] [32mCJS[39m [1mtmp/verbose-build/simple.cjs     [22m[32m215.00 B[39m

[2025-08-24T12:28:12.364Z] [OUTPUT] [32mCJS[39m [1mtmp/verbose-build/simple.cjs.map [22m[32m330.00 B[39m
[32mCJS[39m ‚ö°Ô∏è Build success in 144ms

[2025-08-24T12:28:12.365Z] [OUTPUT] [32mESM[39m [1mtmp/verbose-build/simple.js     [22m[32m175.00 B[39m

[2025-08-24T12:28:12.366Z] [OUTPUT] [32mESM[39m [1mtmp/verbose-build/simple.js.map [22m[32m327.00 B[39m
[32mESM[39m ‚ö°Ô∏è Build success in 144ms

[2025-08-24T12:28:13.926Z] [OUTPUT] [34mDTS[39m Build start

[2025-08-24T12:28:15.200Z] [OUTPUT] error TS6059: File '/home/x/Projects/builder/test/fixtures/simple.ts' is not under 'rootDir' 'src'. 'rootDir' is expected to contain all source files.
  The file is in the program because:
    Root file specified for compilation
  File is ECMAScript module because '/home/x/Projects/builder/package.json' has field "type" with value "module"


[2025-08-24T12:28:15.205Z] [OUTPUT] [31m‚úó Build failed in 3016ms[39m

[2025-08-24T12:28:15.206Z] [OUTPUT] [31merror occurred in dts build[39m

[2025-08-24T12:28:15.206Z] [OUTPUT] [90mError: error occurred in dts build
    at Worker.<anonymous> (/home/x/Projects/builder/node_modules/tsup/dist/index.js:1545:26)
    at Worker.emit (node:events:517:28)
    at MessagePort.<anonymous> (node:internal/worker:256:53)
    at [nodejs.internal.kHybridDispatch] (node:internal/event_target:786:20)
    at exports.emitMessage (node:internal/per_context/messageport:23:28)[39m

[2025-08-24T12:28:15.351Z] [INFO] Process exited with code: 1
[2025-08-24T12:28:22.277Z] [ERROR] Expected pattern not found after 10000ms: Output files:
[2025-08-24T12:28:22.280Z] [INFO] Screenshot saved: screenshots/expect-failure
[2025-08-24T12:28:22.281Z] [ERROR] Test failed: Expected pattern not found: Output files:
[2025-08-24T12:28:22.283Z] [INFO] Screenshot saved: screenshots/test-failure
[2025-08-24T12:28:22.283Z] [INFO] Cleaning up PTY process
[2025-08-24T12:28:22.284Z] [INFO] Replay saved: logs/replay-1756038502283.json
