[2025-08-24T12:28:25.181Z] [INFO] Starting test
[2025-08-24T12:28:25.182Z] [INFO] Spawning: npx tsx src/cli.ts --entry test/fixtures/node-app.ts --target node --out-dir tmp/node-build --clean
[2025-08-24T12:28:27.905Z] [OUTPUT] [36mBuilding...[39m

[2025-08-24T12:28:27.912Z] [INFO] Pattern matched: Building...
[2025-08-24T12:28:27.929Z] [OUTPUT] [34mCLI[39m Building entry: test/fixtures/node-app.ts

[2025-08-24T12:28:27.931Z] [OUTPUT] [34mCLI[39m Using tsconfig: tsconfig.json

[2025-08-24T12:28:27.931Z] [OUTPUT] [34mCLI[39m tsup v8.5.0

[2025-08-24T12:28:27.938Z] [OUTPUT] [34mCLI[39m Target: es2022

[2025-08-24T12:28:27.942Z] [OUTPUT] [34mCJS[39m Build start

[2025-08-24T12:28:27.943Z] [OUTPUT] [34mESM[39m Build start

[2025-08-24T12:28:28.102Z] [OUTPUT] [32mESM[39m [1mtmp/node-build/node-app.js     [22m[32m336.00 B[39m
[32mESM[39m [1mtmp/node-build/node-app.js.map [22m[32m579.00 B[39m

[2025-08-24T12:28:28.103Z] [OUTPUT] [32mESM[39m ‚ö°Ô∏è Build success in 159ms

[2025-08-24T12:28:28.103Z] [OUTPUT] [32mCJS[39m [1mtmp/node-build/node-app.cjs     [22m[32m379.00 B[39m
[32mCJS[39m [1mtmp/node-build/node-app.cjs.map [22m[32m606.00 B[39m
[32mCJS[39m ‚ö°Ô∏è Build success in 162ms

[2025-08-24T12:28:29.607Z] [OUTPUT] [34mDTS[39m Build start

[2025-08-24T12:28:30.892Z] [OUTPUT] error TS6059: File '/home/x/Projects/builder/test/fixtures/node-app.ts' is not under 'rootDir' 'src'. 'rootDir' is expected to contain all source files.
  The file is in the program because:
    Root file specified for compilation
  File is ECMAScript module because '/home/x/Projects/builder/package.json' has field "type" with value "module"


[2025-08-24T12:28:30.895Z] [OUTPUT] [31m‚úó Build failed in 2984ms[39m

[2025-08-24T12:28:30.896Z] [OUTPUT] [31merror occurred in dts build[39m

[2025-08-24T12:28:31.006Z] [INFO] Process exited with code: 1
[2025-08-24T12:28:37.962Z] [ERROR] Expected pattern not found after 10000ms: ‚úì Build completed
[2025-08-24T12:28:37.965Z] [INFO] Screenshot saved: screenshots/expect-failure
[2025-08-24T12:28:37.968Z] [ERROR] Test failed: Expected pattern not found: ‚úì Build completed
[2025-08-24T12:28:37.971Z] [INFO] Screenshot saved: screenshots/test-failure
[2025-08-24T12:28:37.972Z] [INFO] Cleaning up PTY process
[2025-08-24T12:28:37.974Z] [INFO] Replay saved: logs/replay-1756038517972.json
